** Message: environement.vala:58: Exporting primary_variable
** Message: environement.vala:59: desktop_environnement XDG_CURRENT_DESKTOP
** Message: environement.vala:150: confir_dirs is null, export : /etc/xdg
** Message: environement.vala:184: Exporting XDG_CONFIG_DIRS
** Message: environement.vala:218: custom_data :
** Message: environement.vala:219: data_dirs :/usr/local/share:/usr/share/raspi-ui-overrides:/usr/share:/usr/share/gdm:/var/lib/menu-xdg
** Message: environement.vala:220: data_dirs not null, export : /usr/local/share:/usr/share/raspi-ui-overrides:/usr/share:/usr/share/gdm:/var/lib/menu-xdg
** Message: environement.vala:225: Exporting XDG_DATA_DIRS
** Message: utils.vala:68: User config used : /home/sky/.config/lxsession/LXDE-pi/desktop.conf
** Message: utils.vala:89: Final file used : /home/sky/.config/lxsession/LXDE-pi/desktop.conf
** Message: settings.vala:540: Key file does not have key 'iGtk/ColorScheme' in group 'GTK'
** Message: settings.vala:540: Key file does not have key 'windows_manager/command' in group 'Session'
** Message: settings.vala:540: Key file does not have key 'panel/command' in group 'Session'
** Message: settings.vala:540: Key file does not have key 'dock/command' in group 'Session'
** Message: settings.vala:540: Key file does not have key 'file_manager/command' in group 'Session'
** Message: settings.vala:540: Key file does not have key 'desktop_manager/command' in group 'Session'
** Message: settings.vala:540: Key file does not have key 'launcher_manager/autostart' in group 'Session'
** Message: settings.vala:540: Key file does not have key 'composite_manager/command' in group 'Session'
** Message: settings.vala:540: Key file does not have key 'im1/command' in group 'Session'
** Message: settings.vala:540: Key file does not have key 'im2/command' in group 'Session'
** Message: settings.vala:540: Key file does not have key 'widget1/command' in group 'Session'
** Message: settings.vala:540: Key file does not have key 'notification/command' in group 'Session'
** Message: settings.vala:540: Key file does not have key 'keybindings/command' in group 'Session'
** Message: settings.vala:540: Key file does not have key 'im_manager/command' in group 'Session'
** Message: settings.vala:540: Key file does not have key 'screensaver/command' in group 'Session'
** Message: settings.vala:540: Key file does not have key 'power_manager/command' in group 'Session'
** Message: settings.vala:540: Key file does not have key 'audio_manager/command' in group 'Session'
** Message: settings.vala:540: Key file does not have key 'workspace_manager/command' in group 'Session'
** Message: settings.vala:540: Key file does not have key 'screenshot_manager/command' in group 'Session'
** Message: settings.vala:540: Key file does not have key 'message_manager/command' in group 'Session'
** Message: settings.vala:540: Key file does not have key 'upgrade_manager/command' in group 'Session'
** Message: settings.vala:540: Key file does not have key 'updates_manager/command' in group 'Session'
** Message: settings.vala:540: Key file does not have key 'updates_manager/timeout' in group 'Session'
** Message: settings.vala:540: Key file does not have key 'crash_manager/command' in group 'Session'
** Message: settings.vala:540: Key file does not have key 'crash_manager/dev_mode' in group 'Session'
** Message: settings.vala:540: Key file does not have key 'crash_manager/timeout' in group 'Session'
** Message: settings.vala:540: Key file does not have key 'upstart_user_session' in group 'Session'
** Message: settings.vala:540: Key file does not have key 'proxy_manager/http' in group 'Session'
** Message: settings.vala:540: Key file does not have key 'a11y/command' in group 'Session'
** Message: settings.vala:540: Key file does not have key 'xrandr/command' in group 'Session'
** Message: settings.vala:540: Key file does not have key 'network_gui/command' in group 'Session'
** Message: settings.vala:540: Key file does not have key 'webbrowser/command' in group 'Session'
** Message: settings.vala:540: Key file does not have key 'email/command' in group 'Session'
** Message: settings.vala:540: Key file does not have key 'pdf_reader/command' in group 'Session'
** Message: settings.vala:540: Key file does not have key 'video_player/command' in group 'Session'
** Message: settings.vala:540: Key file does not have key 'audio_player/command' in group 'Session'
** Message: settings.vala:540: Key file does not have key 'images_display/command' in group 'Session'
** Message: settings.vala:540: Key file does not have key 'text_editor/command' in group 'Session'
** Message: settings.vala:540: Key file does not have key 'archive/command' in group 'Session'
** Message: settings.vala:540: Key file does not have key 'charmap/command' in group 'Session'
** Message: settings.vala:540: Key file does not have key 'calculator/command' in group 'Session'
** Message: settings.vala:540: Key file does not have key 'spreadsheet/command' in group 'Session'
** Message: settings.vala:540: Key file does not have key 'bittorent/command' in group 'Session'
** Message: settings.vala:540: Key file does not have key 'document/command' in group 'Session'
** Message: settings.vala:540: Key file does not have key 'webcam/command' in group 'Session'
** Message: settings.vala:540: Key file does not have key 'burn/command' in group 'Session'
** Message: settings.vala:540: Key file does not have key 'notes/command' in group 'Session'
** Message: settings.vala:540: Key file does not have key 'disk_utility/command' in group 'Session'
** Message: settings.vala:540: Key file does not have key 'tasks/command' in group 'Session'
** Message: settings.vala:540: Key file does not have group 'Keymap'
** Message: settings.vala:540: Key file does not have key 'laptop_mode' in group 'State'
** Message: settings.vala:540: Key file does not have key 'gnome' in group 'Dbus'
** Message: settings.vala:540: Key file does not have key 'type' in group 'Environment'
** Message: settings.vala:540: Key file does not have key 'ubuntu_menuproxy' in group 'Environment'
** Message: settings.vala:540: Key file does not have key 'toolkit_integration' in group 'Environment'
** Message: settings.vala:540: Key file does not have key 'gtk/overlay_scrollbar_disable' in group 'Environment'
** Message: settings.vala:540: Key file does not have key 'qt/force_theme' in group 'Environment'
** Message: settings.vala:540: Key file does not have key 'qt/platform' in group 'Environment'
** Message: settings.vala:462: Monitoring: /home/sky/.config/lxsession/LXDE-pi/desktop.conf
** Message: settings.vala:466: Desktop file is already in config home, do nothing
** Message: environement.vala:79: Exporting variable
** Message: environement.vala:80: desktop_environnement XDG_CURRENT_DESKTOP
** Message: environement.vala:177: custom_config :
** Message: environement.vala:178: config_dirs :/etc/xdg
** Message: environement.vala:179: confir_dirs not null, export : /etc/xdg
** Message: environement.vala:184: Exporting XDG_CONFIG_DIRS
** Message: environement.vala:218: custom_data :
** Message: environement.vala:219: data_dirs :/usr/local/share:/usr/share/raspi-ui-overrides:/usr/share:/usr/share/gdm:/var/lib/menu-xdg
** Message: environement.vala:220: data_dirs not null, export : /usr/local/share:/usr/share/raspi-ui-overrides:/usr/share:/usr/share/gdm:/var/lib/menu-xdg
** Message: environement.vala:225: Exporting XDG_DATA_DIRS
** Message: utils.vala:68: User config used : /home/sky/.config/lxsession/LXDE-pi/desktop.conf
** Message: utils.vala:89: Final file used : /home/sky/.config/lxsession/LXDE-pi/desktop.conf
** Message: environement.vala:254: No entry in [Environment_variable]. Key file does not have group 'Environment_variable'
** Message: utils.vala:79: Config system location : /etc/xdg/lxsession/LXDE-pi
** Message: utils.vala:85: System system path location : /etc/xdg/lxsession/LXDE-pi/conffiles.conf
** Message: utils.vala:89: Final file used : /etc/xdg/lxsession/LXDE-pi/conffiles.conf
** Message: options.vala:164: Activate xsettings_manager build-in
** Message: utils.vala:68: User config used : /home/sky/.config/lxsession/LXDE-pi/desktop.conf
** Message: utils.vala:89: Final file used : /home/sky/.config/lxsession/LXDE-pi/desktop.conf
xprop:  no such property "_NET_NUMBER_OF_DESKTOPS"
xprop:  no such property "_NET_DESKTOP_NAMES"
** Message: app.vala:721: polkit separate
** Message: app.vala:721: polkit separate
** Message: app.vala:76: Launching lxpolkit 
** Message: utils.vala:68: User config used : /home/sky/.config/lxsession/LXDE-pi/autostart
** Message: utils.vala:89: Final file used : /home/sky/.config/lxsession/LXDE-pi/autostart
** Message: autostart.vala:42: Autostart path : /home/sky/.config/lxsession/LXDE-pi/autostart
** Message: app.vala:76: Launching lxpanel 
** Message: app.vala:76: Launching pcmanfm 

** (lxsession:1304): WARNING **: app.vala:86: Failed to execute child process "xscreensaver" (No such file or directory)

** (lxsession:1304): WARNING **: app.vala:87: Error when launching xscreensaver
** Message: app.vala:76: Launching point-rpi 
** Message: options.vala:107: Create build-in Clipboard
** Message: main.vala:442: Check keymap_mode (null)
** Message: app.vala:76: Launching /usr/bin/ssh-agent 
SSH_AUTH_SOCK=/tmp/ssh-O1w2Q7eQKVsw/agent.1384; export SSH_AUTH_SOCK;
SSH_AGENT_PID=1386; export SSH_AGENT_PID;
echo Agent pid 1386;
** Message: app.vala:130: point-rpi exit with this type of exit: 0
** Message: app.vala:139: Exit normal, don't reload
** Message: app.vala:130: /usr/bin/ssh-agent exit with this type of exit: 0
** Message: x-terminal-emulator has very limited support, consider choose another terminal
** Message: x-terminal-emulator has very limited support, consider choose another terminal
Openbox-Message: Unable to find a valid menu file "/usr/share/lxde/openbox/menu.xml"
** Message: Connecting ...
** Message: Status changed to down

** (lxpanel:1379): CRITICAL **: dhcpcd_open: Inappropriate ioctl for device
** Message: Status changed to opened
** Message: Connected to dhcpcd-6.10.1
** Message: Status changed to connected
** Message: enxb827eb5d70bd: CARRIER
** Message: enxb827eb5d70bd: Configured 192.168.1.4/32
** Message: wlan0: Not associated
** Message: docker0: Link is down
** Message: bt: Name org.bluez owned on DBus
** Message: bt: New agent manager found
** Message: bt: New adapter found
** Message: va: Name org.bluez owned on DBus
lxterminal
** Message: veth09a4c16: PREINIT
** Message: veth09a4c16: Link is down
** Message: veth4ea09ff: PREINIT
** Message: veth4ea09ff: Link is up, configuring
** Message: veth09a4c16: Link is up, configuring
** Message: docker0: Link is up, configuring
** Message: veth09a4c16: Link is down
** Message: veth09a4c16: Departed
** Message: veth4ea09ff: Link is down
** Message: veth4ea09ff: Link is up, configuring
** Message: veth73ff19c: PREINIT
** Message: veth73ff19c: Link is down
** Message: vethb4ffd3e: PREINIT
** Message: vethb4ffd3e: Link is up, configuring
** Message: veth73ff19c: Link is up, configuring
** Message: veth73ff19c: Link is down
** Message: vethb4ffd3e: Link is down
** Message: veth73ff19c: Departed
** Message: vethb4ffd3e: Departed
** Message: docker0: Configured 169.254.77.231/16
** Message: veth4ea09ff: Configured 169.254.40.38/16
** Message: veth628732c: PREINIT
** Message: veth628732c: Link is down
** Message: veth452447f: PREINIT
** Message: veth452447f: Link is up, configuring
** Message: veth628732c: Link is up, configuring
** Message: veth628732c: Link is down
** Message: veth628732c: Departed
** Message: veth452447f: Link is down
** Message: veth452447f: Link is up, configuring
** Message: veth452447f: Configured 169.254.141.22/16
** Message: veth463674f: PREINIT
** Message: veth463674f: Link is down
** Message: vethebc1564: PREINIT
** Message: vethebc1564: Link is down
** Message: vethebc1564: Link is up, configuring
** Message: veth463674f: Link is up, configuring
** Message: vethebc1564: Link is down
** Message: vethebc1564: Departed
** Message: veth463674f: Link is down
** Message: veth463674f: Link is up, configuring
** Message: veth463674f: Configured 169.254.70.200/16
** Message: veth463674f: Link is down
** Message: veth463674f: Departed
** Message: vethfeffb1e: PREINIT
** Message: vethfeffb1e: Link is down
** Message: vethd453a25: PREINIT
** Message: vethd453a25: Link is up, configuring
** Message: vethfeffb1e: Link is up, configuring
** Message: vethfeffb1e: Link is down
** Message: vethfeffb1e: Departed
** Message: vethd453a25: Link is down
** Message: vethd453a25: Link is up, configuring
** Message: vethd453a25: Configured 169.254.63.133/16
** Message: veth452447f: Link is down
** Message: veth452447f: Departed
** Message: vethb5a6ab2: PREINIT
** Message: vethb5a6ab2: Link is down
** Message: vethc4428cb: PREINIT
** Message: vethc4428cb: Link is up, configuring
** Message: vethb5a6ab2: Link is up, configuring
** Message: vethb5a6ab2: Link is down
** Message: vethb5a6ab2: Departed
** Message: vethc4428cb: Link is down
** Message: vethc4428cb: Link is up, configuring
** Message: vethc4428cb: Configured 169.254.138.255/16
** Message: vethd453a25: Link is down
** Message: vethfeffb1e: PREINIT
** Message: vethfeffb1e: Link is down
** Message: vethfeffb1e: Link is up, configuring
** Message: vethd453a25: Link is up, configuring
** Message: vethfeffb1e: Link is down
** Message: vethd453a25: Link is down
** Message: vethfeffb1e: Departed
** Message: vethd453a25: Departed
** Message: vethc4428cb: Link is down
** Message: vethc4428cb: Departed
** Message: vethdee7b4e: PREINIT
** Message: vethdee7b4e: Link is down
** Message: veth03c1463: PREINIT
** Message: veth03c1463: Link is down
** Message: veth03c1463: Link is up, configuring
** Message: vethdee7b4e: Link is up, configuring
** Message: veth03c1463: Link is down
** Message: veth03c1463: Departed
** Message: vethdee7b4e: Link is down
** Message: vethdee7b4e: Link is up, configuring
** Message: vethdee7b4e: Configured 169.254.175.249/16
** Message: vethdee7b4e: Link is down
** Message: vethdee7b4e: Departed
** Message: veth5b219d9: PREINIT
** Message: veth5b219d9: Link is down
** Message: veth0c222bf: PREINIT
** Message: veth0c222bf: Link is up, configuring
** Message: veth5b219d9: Link is up, configuring
** Message: veth5b219d9: Link is down
** Message: veth5b219d9: Departed
** Message: veth0c222bf: Link is down
** Message: veth0c222bf: Link is up, configuring
** Message: veth0c222bf: Link is down
** Message: veth0c222bf: Departed
** Message: veth2ed2384: PREINIT
** Message: veth2ed2384: Link is down
** Message: vethe14a401: PREINIT
** Message: vethe14a401: Link is down
** Message: vethe14a401: Link is up, configuring
** Message: veth2ed2384: Link is up, configuring
** Message: vethe14a401: Link is down
** Message: vethe14a401: Departed
** Message: veth2ed2384: Link is down
** Message: veth2ed2384: Link is up, configuring
** Message: veth2ed2384: Configured 169.254.27.157/16
** Message: vethc766ffd: PREINIT
** Message: vethc766ffd: Link is down
** Message: veth090c561: PREINIT
** Message: veth090c561: Link is up, configuring
** Message: vethc766ffd: Link is up, configuring
** Message: vethc766ffd: Link is down
** Message: veth090c561: Link is down
** Message: vethc766ffd: Departed
** Message: veth090c561: Departed
** Message: veth2ed2384: Link is down
** Message: vethe14a401: PREINIT
** Message: vethe14a401: Link is down
** Message: vethe14a401: Departed
** Message: veth2ed2384: Departed
** Message: veth3488234: PREINIT
** Message: veth3488234: Link is down
** Message: vethe48ac53: PREINIT
** Message: vethe48ac53: Link is up, configuring
** Message: veth3488234: Link is up, configuring
** Message: veth3488234: Link is down
** Message: veth3488234: Departed
** Message: vethe48ac53: Link is down
** Message: vethe48ac53: Link is up, configuring
** Message: vethe48ac53: Configured 169.254.248.227/16
** Message: vethe48ac53: Link is down
** Message: vethe48ac53: Departed
** Message: veth0b84967: PREINIT
** Message: veth0b84967: Link is down
** Message: vethf52b183: PREINIT
** Message: vethf52b183: Link is down
** Message: vethf52b183: Link is up, configuring
** Message: veth0b84967: Link is up, configuring
** Message: vethf52b183: Link is down
** Message: vethf52b183: Departed
** Message: veth0b84967: Link is down
** Message: veth0b84967: Link is up, configuring
** Message: veth0b84967: Configured 169.254.137.20/16
** Message: veth0b84967: Link is down
** Message: veth0b84967: Departed
** Message: veth0e6c845: PREINIT
** Message: veth0e6c845: Link is down
** Message: veth97719b9: PREINIT
** Message: veth97719b9: Link is up, configuring
** Message: veth0e6c845: Link is up, configuring
** Message: veth0e6c845: Link is down
** Message: veth0e6c845: Departed
** Message: veth97719b9: Link is down
** Message: veth97719b9: Link is up, configuring
** Message: veth97719b9: Configured 169.254.169.242/16
** Message: veth97719b9: Link is down
** Message: veth97719b9: Departed
** Message: veth673b142: PREINIT
** Message: veth673b142: Link is down
** Message: vethce3d89e: PREINIT
** Message: vethce3d89e: Link is up, configuring
** Message: veth673b142: Link is up, configuring
** Message: veth673b142: Link is down
** Message: veth673b142: Departed
** Message: vethce3d89e: Link is down
** Message: vethce3d89e: Link is up, configuring
** Message: vethce3d89e: Configured 169.254.220.124/16
** Message: vethce3d89e: Link is down
** Message: vethce3d89e: Departed
** Message: vethb9de558: PREINIT
** Message: vethb9de558: Link is down
** Message: veth82af0f9: PREINIT
** Message: veth82af0f9: Link is down
** Message: veth82af0f9: Link is up, configuring
** Message: vethb9de558: Link is up, configuring
** Message: veth82af0f9: Automatic configuration not possible
** Message: veth82af0f9: Link is down
** Message: veth82af0f9: Departed
** Message: vethb9de558: Link is down
** Message: vethb9de558: Link is up, configuring
** Message: vethb9de558: Configured 169.254.185.163/16
** Message: vethb9de558: Link is down
** Message: vethb9de558: Departed
** Message: veth2e5e493: PREINIT
** Message: veth2e5e493: Link is down
** Message: veth73b6e70: PREINIT
** Message: veth73b6e70: Link is down
** Message: veth73b6e70: Link is up, configuring
** Message: veth2e5e493: Link is up, configuring
** Message: veth73b6e70: Link is down
** Message: veth73b6e70: Departed
** Message: veth2e5e493: Link is down
** Message: veth2e5e493: Link is up, configuring
** Message: veth2e5e493: Configured 169.254.142.23/16
** Message: veth2e5e493: Link is down
** Message: veth2e5e493: Departed
** Message: vethc408882: PREINIT
** Message: vethc408882: Link is down
** Message: vethc5b361f: PREINIT
** Message: vethc5b361f: Link is down
** Message: vethc5b361f: Link is up, configuring
** Message: vethc408882: Link is up, configuring
** Message: vethc5b361f: Link is down
** Message: vethc5b361f: Departed
** Message: vethc408882: Link is down
** Message: vethc408882: Link is up, configuring
** Message: vethc408882: Configured 169.254.110.202/16
** Message: vethc408882: Link is down
** Message: vethc408882: Departed
** Message: veth0e522c0: PREINIT
** Message: veth0e522c0: Link is down
** Message: veth723e728: PREINIT
** Message: veth723e728: Link is up, configuring
** Message: veth0e522c0: Link is up, configuring
** Message: veth0e522c0: Link is down
** Message: veth0e522c0: Departed
** Message: veth723e728: Link is down
** Message: veth723e728: Link is up, configuring
** Message: veth723e728: Configured 169.254.158.167/16
** Message: vethacba568: PREINIT
** Message: vethacba568: Link is down
** Message: veth0fe4cb9: PREINIT
** Message: veth0fe4cb9: Link is down
** Message: veth0fe4cb9: Link is up, configuring
** Message: vethacba568: Link is up, configuring
** Message: veth0fe4cb9: Link is down
** Message: veth0fe4cb9: Departed
** Message: vethacba568: Link is down
** Message: vethacba568: Link is up, configuring
** Message: vethacba568: Link is down
** Message: vethacba568: Departed
** Message: vethca0118a: PREINIT
** Message: vethca0118a: Link is down
** Message: veth12f556c: PREINIT
** Message: veth12f556c: Link is up, configuring
** Message: vethca0118a: Link is up, configuring
** Message: vethca0118a: Link is down
** Message: vethca0118a: Departed
** Message: veth12f556c: Link is down
** Message: veth12f556c: Link is up, configuring
** Message: veth12f556c: Link is down
** Message: veth12f556c: Departed
** Message: veth91e4fdb: PREINIT
** Message: veth91e4fdb: Link is down
** Message: veth43acb86: PREINIT
** Message: veth43acb86: Link is up, configuring
** Message: veth91e4fdb: Link is up, configuring
** Message: veth91e4fdb: Link is down
** Message: veth91e4fdb: Departed
** Message: veth43acb86: Link is down
** Message: veth43acb86: Link is up, configuring
** Message: veth43acb86: Link is down
** Message: veth43acb86: Departed
** Message: veth8547de1: PREINIT
** Message: veth8547de1: Link is down
** Message: vethd68014c: PREINIT
** Message: vethd68014c: Link is up, configuring
** Message: veth8547de1: Link is up, configuring
** Message: veth8547de1: Link is down
** Message: veth8547de1: Departed
** Message: vethd68014c: Link is down
** Message: vethd68014c: Link is up, configuring
** Message: vethd68014c: Link is down
** Message: vethd68014c: Departed
** Message: veth1d9e391: PREINIT
** Message: veth1d9e391: Link is down
** Message: veth1624df8: PREINIT
** Message: veth1624df8: Link is down
** Message: veth1624df8: Link is up, configuring
** Message: veth1d9e391: Link is up, configuring
** Message: veth1624df8: Link is down
** Message: veth1624df8: Departed
** Message: veth1d9e391: Link is down
** Message: veth1d9e391: Link is up, configuring
** Message: veth1d9e391: Link is down
** Message: veth1624df8: PREINIT
** Message: veth1624df8: Link is down
** Message: veth1624df8: Link is up, configuring
** Message: veth1d9e391: Link is up, configuring
** Message: veth1624df8: Link is down
** Message: veth1d9e391: Link is down
** Message: veth1624df8: Departed
** Message: veth1d9e391: Departed
** Message: veth3ff498a: PREINIT
** Message: veth3ff498a: Link is down
** Message: vethf39a6c8: PREINIT
** Message: vethf39a6c8: Link is up, configuring
** Message: veth3ff498a: Link is up, configuring
** Message: veth3ff498a: Link is down
** Message: veth3ff498a: Departed
** Message: vethf39a6c8: Link is down
** Message: vethf39a6c8: Link is up, configuring
** Message: vethf39a6c8: Configured 169.254.104.251/16
** Message: vethf39a6c8: Link is down
** Message: vethf39a6c8: Departed
** Message: veth8c4a07a: PREINIT
** Message: veth8c4a07a: Link is down
** Message: veth9f40f89: PREINIT
** Message: veth9f40f89: Link is up, configuring
** Message: veth8c4a07a: Link is up, configuring
** Message: veth8c4a07a: Link is down
** Message: veth8c4a07a: Departed
** Message: veth9f40f89: Link is down
** Message: veth9f40f89: Link is up, configuring
** Message: veth9f40f89: Configured 169.254.177.231/16
** Message: veth9f40f89: Link is down
** Message: veth8c4a07a: PREINIT
** Message: veth8c4a07a: Link is down
** Message: veth8c4a07a: Departed
** Message: veth9f40f89: Departed
** Message: vethda33322: PREINIT
** Message: vethda33322: Link is down
** Message: veth8afe4a5: PREINIT
** Message: veth8afe4a5: Link is up, configuring
** Message: vethda33322: Link is up, configuring
** Message: vethda33322: Link is down
** Message: vethda33322: Departed
** Message: veth8afe4a5: Link is down
** Message: veth8afe4a5: Link is up, configuring
** Message: veth8afe4a5: Configured 169.254.146.97/16
** Message: veth8afe4a5: Link is down
** Message: vethda33322: PREINIT
** Message: vethda33322: Link is down
** Message: vethda33322: Departed
** Message: veth8afe4a5: Departed
** Message: veth7eec940: PREINIT
** Message: veth7eec940: Link is down
** Message: veth7c13f63: PREINIT
** Message: veth7c13f63: Link is up, configuring
** Message: veth7eec940: Link is up, configuring
** Message: veth7eec940: Link is down
** Message: veth7eec940: Departed
** Message: veth7c13f63: Link is down
** Message: veth7c13f63: Link is up, configuring
** Message: veth7c13f63: Configured 169.254.124.250/16
** Message: veth08fdc1c: PREINIT
** Message: veth08fdc1c: Link is down
** Message: veth0223289: PREINIT
** Message: veth0223289: Link is down
** Message: veth0223289: Link is up, configuring
** Message: veth08fdc1c: Link is up, configuring
** Message: veth0223289: Link is down
** Message: veth0223289: Departed
** Message: veth08fdc1c: Link is down
** Message: veth08fdc1c: Link is up, configuring
** Message: veth08fdc1c: Link is down
** Message: veth08fdc1c: Departed
** Message: veth713c9be: PREINIT
** Message: veth713c9be: Link is down
** Message: veth6cf0b3c: PREINIT
** Message: veth6cf0b3c: Link is down
** Message: veth6cf0b3c: Link is up, configuring
** Message: veth713c9be: Link is up, configuring
** Message: veth6cf0b3c: Link is down
** Message: veth6cf0b3c: Departed
** Message: veth713c9be: Link is down
** Message: veth713c9be: Link is up, configuring
** Message: veth713c9be: Link is down
** Message: veth713c9be: Departed
** Message: vethde7cea9: PREINIT
** Message: vethde7cea9: Link is down
** Message: veth742d607: PREINIT
** Message: veth742d607: Link is down
** Message: veth742d607: Link is up, configuring
** Message: vethde7cea9: Link is up, configuring
** Message: veth742d607: Link is down
** Message: veth742d607: Departed
** Message: vethde7cea9: Link is down
** Message: vethde7cea9: Link is up, configuring
** Message: vethde7cea9: Link is down
** Message: vethde7cea9: Departed
** Message: vethd4a7c52: PREINIT
** Message: vethd4a7c52: Link is down
** Message: veth8887bf2: PREINIT
** Message: veth8887bf2: Link is up, configuring
** Message: vethd4a7c52: Link is up, configuring
** Message: vethd4a7c52: Link is down
** Message: vethd4a7c52: Departed
** Message: veth8887bf2: Link is down
** Message: veth8887bf2: Link is up, configuring
** Message: veth8887bf2: Configured 169.254.78.190/16
** Message: veth8887bf2: Link is down
** Message: veth8887bf2: Departed
** Message: vetha2ee616: PREINIT
** Message: vetha2ee616: Link is down
** Message: vethe970016: PREINIT
** Message: vethe970016: Link is up, configuring
** Message: vetha2ee616: Link is up, configuring
** Message: vetha2ee616: Link is down
** Message: vetha2ee616: Departed
** Message: vethe970016: Link is down
** Message: vethe970016: Link is up, configuring
** Message: vethe970016: Configured 169.254.19.185/16
** Message: vethe970016: Link is down
** Message: vethe970016: Departed
** Message: veth3badea9: PREINIT
** Message: veth3badea9: Link is down
** Message: vethdb1b81b: PREINIT
** Message: vethdb1b81b: Link is down
** Message: vethdb1b81b: Link is up, configuring
** Message: veth3badea9: Link is up, configuring
** Message: vethdb1b81b: Link is down
** Message: vethdb1b81b: Departed
** Message: veth3badea9: Link is down
** Message: veth3badea9: Link is up, configuring
** Message: veth3badea9: Configured 169.254.191.52/16
** Message: veth3badea9: Link is down
** Message: veth3badea9: Departed
** Message: veth3ebd0f5: PREINIT
** Message: veth3ebd0f5: Link is down
** Message: vetha969601: PREINIT
** Message: vetha969601: Link is down
** Message: vetha969601: Link is up, configuring
** Message: veth3ebd0f5: Link is up, configuring
** Message: vetha969601: Link is down
** Message: vetha969601: Departed
** Message: veth3ebd0f5: Link is down
** Message: veth3ebd0f5: Link is up, configuring
** Message: veth3ebd0f5: Configured 169.254.91.251/16
** Message: veth3ebd0f5: Link is down
** Message: veth3ebd0f5: Departed
** Message: veth7069691: PREINIT
** Message: veth7069691: Link is down
** Message: veth50fd35a: PREINIT
** Message: veth50fd35a: Link is down
** Message: veth50fd35a: Link is up, configuring
** Message: veth7069691: Link is up, configuring
** Message: veth50fd35a: Link is down
** Message: veth50fd35a: Departed
** Message: veth7069691: Link is down
** Message: veth7069691: Link is up, configuring
** Message: veth7069691: Configured 169.254.42.79/16
** Message: veth7069691: Link is down
** Message: veth7069691: Departed
** Message: veth055162e: PREINIT
** Message: veth055162e: Link is down
** Message: veth1c9b6aa: PREINIT
** Message: veth1c9b6aa: Link is down
** Message: veth1c9b6aa: Link is up, configuring
** Message: veth055162e: Link is up, configuring
** Message: veth1c9b6aa: Link is down
** Message: veth1c9b6aa: Departed
** Message: veth055162e: Link is down
** Message: veth055162e: Link is up, configuring
** Message: veth055162e: Link is down
** Message: veth1c9b6aa: PREINIT
** Message: veth1c9b6aa: Link is down
** Message: veth1c9b6aa: Departed
** Message: veth055162e: Departed
** Message: veth32a58c5: PREINIT
** Message: veth32a58c5: Link is down
** Message: veth75158be: PREINIT
** Message: veth75158be: Link is up, configuring
** Message: veth32a58c5: Link is up, configuring
** Message: veth32a58c5: Link is down
** Message: veth32a58c5: Departed
** Message: veth75158be: Link is down
** Message: veth75158be: Link is up, configuring
** Message: veth75158be: Link is down
** Message: veth32a58c5: PREINIT
** Message: veth32a58c5: Link is down
** Message: veth32a58c5: Departed
** Message: veth75158be: Departed
** Message: veth95f6568: PREINIT
** Message: veth95f6568: Link is down
** Message: veth14cb696: PREINIT
** Message: veth14cb696: Link is down
** Message: veth14cb696: Link is up, configuring
** Message: veth95f6568: Link is up, configuring
** Message: veth14cb696: Link is down
** Message: veth14cb696: Departed
** Message: veth95f6568: Link is down
** Message: veth95f6568: Link is up, configuring
** Message: veth95f6568: Link is down
** Message: veth14cb696: PREINIT
** Message: veth14cb696: Link is down
** Message: veth14cb696: Departed
** Message: veth95f6568: Departed
** Message: veth169c5d5: PREINIT
** Message: veth169c5d5: Link is down
** Message: veth7a17f41: PREINIT
** Message: veth7a17f41: Link is up, configuring
** Message: veth169c5d5: Link is up, configuring
** Message: veth169c5d5: Link is down
** Message: veth169c5d5: Departed
** Message: veth7a17f41: Link is down
** Message: veth7a17f41: Link is up, configuring
** Message: veth7a17f41: Link is down
** Message: veth169c5d5: PREINIT
** Message: veth169c5d5: Link is down
** Message: veth169c5d5: Departed
** Message: veth7a17f41: Departed
** Message: veth723e728: Link is down
** Message: veth723e728: Departed
** Message: veth8dd4126: PREINIT
** Message: veth8dd4126: Link is down
** Message: veth898f119: PREINIT
** Message: veth898f119: Link is down
** Message: veth898f119: Link is up, configuring
** Message: veth8dd4126: Link is up, configuring
** Message: veth898f119: Link is down
** Message: veth898f119: Departed
** Message: veth8dd4126: Link is down
** Message: veth8dd4126: Link is up, configuring
** Message: veth8dd4126: Configured 169.254.177.171/16
** Message: veth8dd4126: Link is down
** Message: veth898f119: PREINIT
** Message: veth898f119: Link is down
** Message: veth898f119: Departed
** Message: veth8dd4126: Departed
** Message: veth7e106a2: PREINIT
** Message: veth7e106a2: Link is down
** Message: veth923e06a: PREINIT
** Message: veth923e06a: Link is up, configuring
** Message: veth7e106a2: Link is up, configuring
** Message: veth7e106a2: Link is down
** Message: veth7e106a2: Departed
** Message: veth923e06a: Link is down
** Message: veth923e06a: Link is up, configuring
** Message: veth923e06a: Configured 169.254.4.235/16
** Message: veth923e06a: Link is down
** Message: veth923e06a: Departed
** Message: veth9eed248: PREINIT
** Message: veth9eed248: Link is down
** Message: veth958fcf1: PREINIT
** Message: veth958fcf1: Link is up, configuring
** Message: veth9eed248: Link is up, configuring
** Message: veth9eed248: Link is down
** Message: veth9eed248: Departed
** Message: veth958fcf1: Link is down
** Message: veth958fcf1: Link is up, configuring
** Message: veth958fcf1: Configured 169.254.78.29/16
** Message: veth958fcf1: Link is down
** Message: veth958fcf1: Departed
** Message: veth5506f3e: PREINIT
** Message: veth5506f3e: Link is down
** Message: vetheea4cb8: PREINIT
** Message: vetheea4cb8: Link is up, configuring
** Message: veth5506f3e: Link is up, configuring
** Message: veth5506f3e: Link is down
** Message: veth5506f3e: Departed
** Message: vetheea4cb8: Link is down
** Message: vetheea4cb8: Link is up, configuring
** Message: vetheea4cb8: Configured 169.254.238.104/16
** Message: vetheea4cb8: Link is down
** Message: veth5506f3e: PREINIT
** Message: veth5506f3e: Link is down
** Message: veth5506f3e: Departed
** Message: vetheea4cb8: Departed
** Message: vethed21b46: PREINIT
** Message: vethed21b46: Link is down
** Message: veth6a42b98: PREINIT
** Message: veth6a42b98: Link is down
** Message: veth6a42b98: Link is up, configuring
** Message: vethed21b46: Link is up, configuring
** Message: veth6a42b98: Link is down
** Message: veth6a42b98: Departed
** Message: vethed21b46: Link is down
** Message: vethed21b46: Link is up, configuring
** Message: vethed21b46: Configured 169.254.189.18/16
** Message: vethed21b46: Link is down
** Message: vethed21b46: Departed
** Message: veth654f1cb: PREINIT
** Message: veth654f1cb: Link is down
** Message: vethfdc5190: PREINIT
** Message: vethfdc5190: Link is up, configuring
** Message: veth654f1cb: Link is up, configuring
** Message: veth654f1cb: Link is down
** Message: veth654f1cb: Departed
** Message: vethfdc5190: Link is down
** Message: vethfdc5190: Link is up, configuring
** Message: vethfdc5190: Configured 169.254.215.128/16
** Message: vethfdc5190: Link is down
** Message: veth654f1cb: PREINIT
** Message: veth654f1cb: Link is down
** Message: veth654f1cb: Departed
** Message: vethfdc5190: Departed
** Message: vethf578813: PREINIT
** Message: vethf578813: Link is down
** Message: veth4086643: PREINIT
** Message: veth4086643: Link is up, configuring
** Message: vethf578813: Link is up, configuring
** Message: vethf578813: Link is down
** Message: vethf578813: Departed
** Message: veth4086643: Link is down
** Message: veth4086643: Link is up, configuring
** Message: veth4086643: Configured 169.254.133.126/16
** Message: veth4086643: Link is down
** Message: veth4086643: Departed
** Message: veth29d3528: PREINIT
** Message: veth29d3528: Link is down
** Message: veth7478e94: PREINIT
** Message: veth7478e94: Link is up, configuring
** Message: veth29d3528: Link is up, configuring
** Message: veth29d3528: Link is down
** Message: veth29d3528: Departed
** Message: veth7478e94: Link is down
** Message: veth7478e94: Link is up, configuring
** Message: veth7478e94: Configured 169.254.253.92/16
** Message: veth7478e94: Link is down
** Message: veth7478e94: Departed
** Message: vethc544113: PREINIT
** Message: vethc544113: Link is up, configuring
** Message: veth9f5b8ca: PREINIT
** Message: veth9f5b8ca: Link is down
** Message: veth9f5b8ca: Link is up, configuring
** Message: veth9f5b8ca: Link is down
** Message: veth9f5b8ca: Departed
** Message: vethc544113: Link is down
** Message: vethc544113: Link is up, configuring
** Message: vethc544113: Configured 169.254.41.36/16
** Message: vethc544113: Link is down
** Message: veth9f5b8ca: PREINIT
** Message: veth9f5b8ca: Link is down
** Message: veth9f5b8ca: Departed
** Message: vethc544113: Departed
** Message: vethad2e66e: PREINIT
** Message: vethad2e66e: Link is down
** Message: vetha46b24a: PREINIT
** Message: vetha46b24a: Link is up, configuring
** Message: vethad2e66e: Link is up, configuring
** Message: vethad2e66e: Link is down
** Message: vethad2e66e: Departed
** Message: vetha46b24a: Link is down
** Message: vetha46b24a: Link is up, configuring
** Message: vetha46b24a: Configured 169.254.141.241/16
** Message: vetha46b24a: Link is down
** Message: vethad2e66e: PREINIT
** Message: vethad2e66e: Link is down
** Message: vethad2e66e: Departed
** Message: vetha46b24a: Departed
** Message: vethbede296: PREINIT
** Message: vethbede296: Link is down
** Message: vethe82059f: PREINIT
** Message: vethe82059f: Link is up, configuring
** Message: vethbede296: Link is up, configuring
** Message: vethbede296: Link is down
** Message: vethbede296: Departed
** Message: vethe82059f: Link is down
** Message: vethe82059f: Link is up, configuring
** Message: vethe82059f: Configured 169.254.90.202/16
** Message: vethe82059f: Link is down
** Message: vethbede296: PREINIT
** Message: vethbede296: Link is down
** Message: vethbede296: Departed
** Message: vethe82059f: Departed
** Message: veth1c93eb7: PREINIT
** Message: veth1c93eb7: Link is down
** Message: vethf538e87: PREINIT
** Message: vethf538e87: Link is up, configuring
** Message: veth1c93eb7: Link is up, configuring
** Message: veth1c93eb7: Link is down
** Message: veth1c93eb7: Departed
** Message: vethf538e87: Link is down
** Message: vethf538e87: Link is up, configuring
** Message: vethf538e87: Configured 169.254.118.5/16
** Message: vethf538e87: Link is down
** Message: veth1c93eb7: PREINIT
** Message: veth1c93eb7: Link is down
** Message: veth1c93eb7: Departed
** Message: vethf538e87: Departed
** Message: vethcd39eab: PREINIT
** Message: vethcd39eab: Link is up, configuring
** Message: veth1be5715: PREINIT
** Message: veth1be5715: Link is down
** Message: veth1be5715: Link is up, configuring
** Message: veth1be5715: Link is down
** Message: veth1be5715: Departed
** Message: vethcd39eab: Link is down
** Message: vethcd39eab: Link is up, configuring
** Message: vethcd39eab: Configured 169.254.141.201/16
** Message: vethcd39eab: Link is down
** Message: vethcd39eab: Departed
** Message: veth881b2ee: PREINIT
** Message: veth881b2ee: Link is up, configuring
** Message: vethcc4ac23: PREINIT
** Message: vethcc4ac23: Link is down
** Message: vethcc4ac23: Link is up, configuring
** Message: vethcc4ac23: Link is down
** Message: vethcc4ac23: Departed
** Message: veth881b2ee: Link is down
** Message: veth881b2ee: Link is up, configuring
** Message: veth881b2ee: Configured 169.254.87.121/16
** Message: veth881b2ee: Link is down
** Message: vethcc4ac23: PREINIT
** Message: vethcc4ac23: Link is down
** Message: vethcc4ac23: Departed
** Message: veth881b2ee: Departed
** Message: veth2dc6431: PREINIT
** Message: veth2dc6431: Link is down
** Message: vethfa3d1de: PREINIT
** Message: vethfa3d1de: Link is up, configuring
** Message: veth2dc6431: Link is up, configuring
** Message: veth2dc6431: Link is down
** Message: veth2dc6431: Departed
** Message: vethfa3d1de: Link is down
** Message: vethfa3d1de: Link is up, configuring
** Message: vethfa3d1de: Configured 169.254.204.191/16
** Message: vethfa3d1de: Link is down
** Message: vethfa3d1de: Departed
** Message: vethe483c42: PREINIT
** Message: vethe483c42: Link is up, configuring
** Message: veth4a56892: PREINIT
** Message: veth4a56892: Link is down
** Message: veth4a56892: Link is up, configuring
** Message: veth4a56892: Link is down
** Message: veth4a56892: Departed
** Message: vethe483c42: Link is down
** Message: vethe483c42: Link is up, configuring
** Message: vethe483c42: Configured 169.254.216.249/16
** Message: vethe483c42: Link is down
** Message: vethe483c42: Departed
** Message: vethf64470c: PREINIT
** Message: vethf64470c: Link is down
** Message: vethdcab871: PREINIT
** Message: vethdcab871: Link is up, configuring
** Message: vethf64470c: Link is up, configuring
** Message: vethf64470c: Link is down
** Message: vethf64470c: Departed
** Message: vethdcab871: Link is down
** Message: vethdcab871: Link is up, configuring
** Message: vethdcab871: Configured 169.254.170.158/16
** Message: vethdcab871: Link is down
** Message: vethf64470c: PREINIT
** Message: vethf64470c: Link is down
** Message: vethf64470c: Departed
** Message: vethdcab871: Departed
** Message: veth206a5c5: PREINIT
** Message: veth206a5c5: Link is up, configuring
** Message: vethb1feb36: PREINIT
** Message: vethb1feb36: Link is down
** Message: vethb1feb36: Link is up, configuring
** Message: vethb1feb36: Link is down
** Message: vethb1feb36: Departed
** Message: veth206a5c5: Link is down
** Message: veth206a5c5: Link is up, configuring
** Message: veth206a5c5: Configured 169.254.2.151/16
** Message: veth206a5c5: Link is down
** Message: veth206a5c5: Departed
** Message: veth58b391d: PREINIT
** Message: veth58b391d: Link is down
** Message: vethf798da0: PREINIT
** Message: vethf798da0: Link is up, configuring
** Message: veth58b391d: Link is up, configuring
** Message: veth58b391d: Link is down
** Message: veth58b391d: Departed
** Message: vethf798da0: Link is down
** Message: vethf798da0: Link is up, configuring
** Message: vethf798da0: Configured 169.254.180.81/16
